<?xml version="1.0" encoding="utf-8"?><testsuites name="pytest tests"><testsuite name="pytest" errors="0" failures="0" skipped="0" tests="14" time="1.570" timestamp="2026-05-28T00:36:45.579116+00:00" hostname="agent-env-bcf6e234-2ed4-4ec9-80d8-28bd0aa153e3"><testcase classname="tests.test_stratex_v25_regression.TestSalesTargetsSeed" name="test_sales_targets_seeded_from_mongo" time="0.540" /><testcase classname="tests.test_stratex_v25_regression.TestCRMOutreachNotes" name="test_get_outreach_notes" time="0.062" /><testcase classname="tests.test_stratex_v25_regression.TestCRMOutreachNotes" name="test_post_outreach_note_then_get_persisted" time="0.112" /><testcase classname="tests.test_stratex_v25_regression.TestCRMCallLogs" name="test_get_call_logs" time="0.054" /><testcase classname="tests.test_stratex_v25_regression.TestCRMCallLogs" name="test_post_call_log_then_get_persisted" time="0.118" /><testcase classname="tests.test_stratex_v25_regression.TestCommunicationTemplates" name="test_templates_seeded" time="0.059" /><testcase classname="tests.test_stratex_v25_regression.TestOverseerQueue" name="test_overseer_queue_open" time="0.056" /><testcase classname="tests.test_stratex_v25_regression.TestOverseerQueue" name="test_overseer_queue_filters[open]" time="0.056" /><testcase classname="tests.test_stratex_v25_regression.TestOverseerQueue" name="test_overseer_queue_filters[reviewed]" time="0.056" /><testcase classname="tests.test_stratex_v25_regression.TestOverseerQueue" name="test_overseer_queue_filters[dismissed]" time="0.058" /><testcase classname="tests.test_stratex_v25_regression.TestOverseerQueue" name="test_overseer_queue_filters[all]" time="0.055" /><testcase classname="tests.test_stratex_v25_regression.TestFlightAuthorizationsAudit" name="test_flight_authorizations_recent" time="0.056" /><testcase classname="tests.test_stratex_v25_regression.TestAuthGating" name="test_sales_targets_requires_auth" time="0.106" /><testcase classname="tests.test_stratex_v25_regression.TestAuthGating" name="test_flight_audit_requires_auth" time="0.104" /></testsuite></testsuites>