<?xml version="1.0" encoding="utf-8"?><testsuites name="pytest tests"><testsuite name="pytest" errors="0" failures="0" skipped="0" tests="11" time="4.491" timestamp="2026-05-30T22:36:46.452747+00:00" hostname="agent-env-bcf6e234-2ed4-4ec9-80d8-28bd0aa153e3"><testcase classname="backend.tests.test_iter17_new_features.TestAuth" name="test_admin_login" time="2.221" /><testcase classname="backend.tests.test_iter17_new_features.TestAuth" name="test_contractor_login" time="0.497" /><testcase classname="backend.tests.test_iter17_new_features.TestDeliverableCrownDemo" name="test_contractor_bypass_can_load_crown_demo" time="0.125" /><testcase classname="backend.tests.test_iter17_new_features.TestDeliverableCrownDemo" name="test_admin_loads_crown_demo" time="0.119" /><testcase classname="backend.tests.test_iter17_new_features.TestDeliverableCrownDemo" name="test_pricing_total_estimate" time="0.107" /><testcase classname="backend.tests.test_iter17_new_features.TestDeliverableCrownDemo" name="test_anomalies_and_moisture_populated" time="0.102" /><testcase classname="backend.tests.test_iter17_new_features.TestSkuForecast" name="test_admin_sku_forecast" time="0.167" /><testcase classname="backend.tests.test_iter17_new_features.TestSkuForecast" name="test_contractor_cannot_access_sku_forecast" time="0.125" /><testcase classname="backend.tests.test_iter17_new_features.TestQuoteBuilderPromote" name="test_full_promote_flow" time="0.589" /><testcase classname="backend.tests.test_iter17_new_features.TestQuoteBuilderPromote" name="test_promote_unknown_quote_404" time="0.101" /><testcase classname="backend.tests.test_iter17_new_features.TestDeckBackend" name="test_deck_uses_same_deliverable_endpoint" time="0.098" /></testsuite></testsuites>