<?xml version="1.0" encoding="utf-8"?><testsuites name="pytest tests"><testsuite name="pytest" errors="0" failures="0" skipped="0" tests="14" time="13.481" timestamp="2026-05-31T06:05:08.489352+00:00" hostname="agent-env-bcf6e234-2ed4-4ec9-80d8-28bd0aa153e3"><testcase classname="backend.tests.test_iter18_new_features.TestCeoAuth" name="test_ceo_login_returns_ceo_role" time="0.401" /><testcase classname="backend.tests.test_iter18_new_features.TestCeoAuth" name="test_ceo_login_bad_password" time="0.332" /><testcase classname="backend.tests.test_iter18_new_features.TestRegionalSwitchboard" name="test_regional_switchboard_ky_first" time="0.102" /><testcase classname="backend.tests.test_iter18_new_features.TestRegionalSwitchboard" name="test_regional_switchboard_default" time="0.129" /><testcase classname="backend.tests.test_iter18_new_features.TestConsensus" name="test_consensus_audits" time="0.111" /><testcase classname="backend.tests.test_iter18_new_features.TestConsensus" name="test_consensus_inject_variance" time="0.102" /><testcase classname="backend.tests.test_iter18_new_features.TestPilot" name="test_pilot_jobs_list" time="0.538" /><testcase classname="backend.tests.test_iter18_new_features.TestPilot" name="test_pilot_job_sheet" time="0.202" /><testcase classname="backend.tests.test_iter18_new_features.TestPilot" name="test_pilot_preflight_endpoint_exists" time="0.209" /><testcase classname="backend.tests.test_iter18_new_features.TestFleetLive" name="test_fleet_live" time="0.110" /><testcase classname="backend.tests.test_iter18_new_features.TestDeliverablePDFs" name="test_pdf_full_contractor_ok" time="6.041" /><testcase classname="backend.tests.test_iter18_new_features.TestDeliverablePDFs" name="test_deck_pdf_contractor_ok" time="4.900" /><testcase classname="backend.tests.test_iter18_new_features.TestDeliverablePDFs" name="test_pdf_no_token_401" time="0.097" /><testcase classname="backend.tests.test_iter18_new_features.TestDeliverablePDFs" name="test_pdf_operator_role_forbidden" time="0.119" /></testsuite></testsuites>