<?xml version="1.0" encoding="utf-8"?><testsuites name="pytest tests"><testsuite name="pytest" errors="0" failures="0" skipped="0" tests="8" time="2.395" timestamp="2026-05-27T10:59:28.656610+00:00" hostname="agent-env-bcf6e234-2ed4-4ec9-80d8-28bd0aa153e3"><testcase classname="tests.test_stratex_v24.TestDemoTopologyValidation" name="test_demo_topology_returns_validation_block" time="0.144" /><testcase classname="tests.test_stratex_v24.TestDemoTopologyValidation" name="test_each_gate_has_required_keys" time="0.102" /><testcase classname="tests.test_stratex_v24.TestDemoTopologyValidation" name="test_gate_ids_are_unique_and_expected" time="0.140" /><testcase classname="tests.test_stratex_v24.TestCaliperOCR" name="test_caliper_ocr_requires_auth" time="0.096" /><testcase classname="tests.test_stratex_v24.TestCaliperOCR" name="test_caliper_ocr_with_valid_token_returns_clean_shape" time="1.178" /><testcase classname="tests.test_stratex_v24.TestMaterialsMeasuredThickness" name="test_get_materials_includes_measured_thickness_mm" time="0.105" /><testcase classname="tests.test_stratex_v24.TestMaterialsMeasuredThickness" name="test_put_materials_persists_measured_thickness_mm" time="0.315" /><testcase classname="tests.test_stratex_v24.TestMaterialsMeasuredThickness" name="test_put_materials_reset_measured_thickness_mm" time="0.254" /></testsuite></testsuites>