<?xml version="1.0" encoding="utf-8"?><testsuites name="pytest tests"><testsuite name="pytest" errors="0" failures="0" skipped="0" tests="25" time="32.928" timestamp="2026-05-30T00:43:26.920208+00:00" hostname="agent-env-bcf6e234-2ed4-4ec9-80d8-28bd0aa153e3"><testcase classname="backend.tests.test_p2_refactor_regression.TestAuth" name="test_admin_login_yields_token" time="0.512" /><testcase classname="backend.tests.test_p2_refactor_regression.TestAuth" name="test_investor_tour_mode_bypass" time="0.357" /><testcase classname="backend.tests.test_p2_refactor_regression.TestAuth" name="test_auth_me_admin" time="0.132" /><testcase classname="backend.tests.test_p2_refactor_regression.TestAuth" name="test_auth_me_investor" time="0.121" /><testcase classname="backend.tests.test_p2_refactor_regression.TestBilling" name="test_billing_plans_public" time="0.164" /><testcase classname="backend.tests.test_p2_refactor_regression.TestBilling" name="test_billing_me_admin" time="0.050" /><testcase classname="backend.tests.test_p2_refactor_regression.TestOnboarding" name="test_competitive_intel_public" time="0.109" /><testcase classname="backend.tests.test_p2_refactor_regression.TestSalesHub" name="test_sales_targets" time="0.057" /><testcase classname="backend.tests.test_p2_refactor_regression.TestSalesHub" name="test_communication_templates" time="0.051" /><testcase classname="backend.tests.test_p2_refactor_regression.TestSalesHub" name="test_outreach_notes" time="0.053" /><testcase classname="backend.tests.test_p2_refactor_regression.TestTelemetryOverseer" name="test_overseer_queue_open" time="0.049" /><testcase classname="backend.tests.test_p2_refactor_regression.TestMaterialsConfigV2" name="test_materials_config_role_enforced" time="0.968" /><testcase classname="backend.tests.test_p2_refactor_regression.TestWeather" name="test_forecast" time="0.585" /><testcase classname="backend.tests.test_p2_refactor_regression.TestWeather" name="test_radar" time="0.478" /><testcase classname="backend.tests.test_p2_refactor_regression.TestWeather" name="test_historical_on_this_day" time="0.930" /><testcase classname="backend.tests.test_p2_refactor_regression.TestWeather" name="test_storm_watch_post" time="3.279" /><testcase classname="backend.tests.test_p2_refactor_regression.TestWeather" name="test_historical_analysis_post" time="6.959" /><testcase classname="backend.tests.test_p2_refactor_regression.TestCvIceShield" name="test_ice_shield_recent" time="0.062" /><testcase classname="backend.tests.test_p2_refactor_regression.TestCvIceShield" name="test_ice_shield_analyze" time="0.056" /><testcase classname="backend.tests.test_p2_refactor_regression.TestDeliverable" name="test_crown_demo_deliverable" time="0.060" /><testcase classname="backend.tests.test_p2_refactor_regression.TestSimulation" name="test_simulation_run_crown_demo" time="17.229" /><testcase classname="backend.tests.test_p2_refactor_regression.TestAssistant" name="test_assistant_chat" time="0.054" /><testcase classname="backend.tests.test_p2_refactor_regression.TestServerRetainedRoutes" name="test_contractor_jobs_role_enforced" time="0.120" /><testcase classname="backend.tests.test_p2_refactor_regression.TestServerRetainedRoutes" name="test_fleet_status" time="0.052" /><testcase classname="backend.tests.test_p2_refactor_regression.TestServerRetainedRoutes" name="test_public_demo_topology" time="0.186" /></testsuite></testsuites>