<?xml version="1.0" encoding="utf-8"?><testsuites name="pytest tests"><testsuite name="pytest" errors="0" failures="1" skipped="0" tests="19" time="14.354" timestamp="2026-06-01T12:46:55.958435+00:00" hostname="agent-env-bcf6e234-2ed4-4ec9-80d8-28bd0aa153e3"><testcase classname="backend.tests.test_iter19_v342_regression.TestSignupTripwire" name="test_signup_with_tripwire_seeds_db" time="0.499"><failure message="AssertionError: assert 'test_trip_46...ratex-test.io' == 'TEST_trip_46...ratex-test.io'&#10;  &#10;  - TEST_trip_46d71340@stratex-test.io&#10;  ? ^^^^&#10;  + test_trip_46d71340@stratex-test.io&#10;  ? ^^^^">backend/tests/test_iter19_v342_regression.py:92: in test_signup_with_tripwire_seeds_db
    assert data["user"]["email"] == email
E   AssertionError: assert 'test_trip_46...ratex-test.io' == 'TEST_trip_46...ratex-test.io'
E     
E     - TEST_trip_46d71340@stratex-test.io
E     ? ^^^^
E     + test_trip_46d71340@stratex-test.io
E     ? ^^^^</failure></testcase><testcase classname="backend.tests.test_iter19_v342_regression.TestSignupTripwire" name="test_signup_without_tripwire_optional" time="0.339" /><testcase classname="backend.tests.test_iter19_v342_regression.TestSignupTripwire" name="test_signup_missing_tripwire_role_rejected" time="0.363" /><testcase classname="backend.tests.test_iter19_v342_regression.TestContractorTripwire" name="test_get_tripwire" time="0.614" /><testcase classname="backend.tests.test_iter19_v342_regression.TestPdfShareLink" name="test_mint_share_link_default_ttl" time="0.197" /><testcase classname="backend.tests.test_iter19_v342_regression.TestPdfShareLink" name="test_public_share_pdf_no_auth" time="8.898" /><testcase classname="backend.tests.test_iter19_v342_regression.TestPdfShareLink" name="test_garbled_token_returns_404" time="0.161" /><testcase classname="backend.tests.test_iter19_v342_regression.TestPdfShareLink" name="test_ttl_zero_rejected" time="0.108" /><testcase classname="backend.tests.test_iter19_v342_regression.TestGeofenceAlerts" name="test_alerts_ceo" time="0.482" /><testcase classname="backend.tests.test_iter19_v342_regression.TestGeofenceAlerts" name="test_alerts_admin" time="0.543" /><testcase classname="backend.tests.test_iter19_v342_regression.TestGeofenceAlerts" name="test_alerts_contractor" time="0.107" /><testcase classname="backend.tests.test_iter19_v342_regression.TestGeofenceAlerts" name="test_alerts_operator_forbidden" time="0.579" /><testcase classname="backend.tests.test_iter19_v342_regression.TestGeofenceInitFlow" name="test_init_zone" time="0.147" /><testcase classname="backend.tests.test_iter19_v342_regression.TestGeofenceInitFlow" name="test_get_zone" time="0.122" /><testcase classname="backend.tests.test_iter19_v342_regression.TestGeofenceInitFlow" name="test_simulate_breach_no_active_zone_404" time="0.125" /><testcase classname="backend.tests.test_iter19_v342_regression.TestMaterialsBrain" name="test_full_envelope_bom" time="0.111" /><testcase classname="backend.tests.test_iter19_v342_regression.TestAnomalyEngine" name="test_tax_table" time="0.122" /><testcase classname="backend.tests.test_iter19_v342_regression.TestPilotAuthorize" name="test_no_green_returns_409" time="0.108" /><testcase classname="backend.tests.test_iter19_v342_regression.TestPilotAuthorize" name="test_seeded_green_path" time="0.444" /></testsuite></testsuites>