<?xml version="1.0" encoding="utf-8"?><testsuites name="pytest tests"><testsuite name="pytest" errors="0" failures="0" skipped="0" tests="25" time="5.129" timestamp="2026-07-18T12:48:54.522688+00:00" hostname="agent-env-bcf6e234-2ed4-4ec9-80d8-28bd0aa153e3"><testcase classname="backend.tests.test_nextgen_wave2a.TestEvidenceProfiles" name="test_dayscan_profile" time="0.594" /><testcase classname="backend.tests.test_nextgen_wave2a.TestEvidenceProfiles" name="test_awe_scan_profile" time="0.045" /><testcase classname="backend.tests.test_nextgen_wave2a.TestEvidenceProfiles" name="test_elite_profile" time="0.044" /><testcase classname="backend.tests.test_nextgen_wave2a.TestEvidenceProfiles" name="test_unknown_profile_404" time="0.055" /><testcase classname="backend.tests.test_nextgen_wave2a.TestUploadBasics" name="test_upload_rgb_returns_hash_and_key" time="0.217" /><testcase classname="backend.tests.test_nextgen_wave2a.TestUploadBasics" name="test_duplicate_returns_409" time="0.127" /><testcase classname="backend.tests.test_nextgen_wave2a.TestUploadBasics" name="test_intended_duplicate_ok_creates_link" time="0.175" /><testcase classname="backend.tests.test_nextgen_wave2a.TestUploadBasics" name="test_blocked_extension_415" time="0.109" /><testcase classname="backend.tests.test_nextgen_wave2a.TestUploadBasics" name="test_unknown_category_400" time="0.095" /><testcase classname="backend.tests.test_nextgen_wave2a.TestUploadBasics" name="test_operational_mode_403" time="0.106" /><testcase classname="backend.tests.test_nextgen_wave2a.TestUploadBasics" name="test_tenant_isolation_404" time="0.561" /><testcase classname="backend.tests.test_nextgen_wave2a.TestListDetailDownload" name="test_list_evidence" time="0.050" /><testcase classname="backend.tests.test_nextgen_wave2a.TestListDetailDownload" name="test_detail_includes_meta_and_rels" time="0.046" /><testcase classname="backend.tests.test_nextgen_wave2a.TestListDetailDownload" name="test_download_streams_bytes_and_header_matches" time="0.050" /><testcase classname="backend.tests.test_nextgen_wave2a.TestValidateFinalize" name="test_validate_fail_when_unmet" time="0.047" /><testcase classname="backend.tests.test_nextgen_wave2a.TestValidateFinalize" name="test_finalize_unmet_returns_422" time="0.049" /><testcase classname="backend.tests.test_nextgen_wave2a.TestValidateFinalize" name="test_meet_reqs_validate_pass_and_finalize" time="1.526" /><testcase classname="backend.tests.test_nextgen_wave2a.TestValidateFinalize" name="test_mission_advanced_to_stage_7" time="0.061" /><testcase classname="backend.tests.test_nextgen_wave2a.TestValidateFinalize" name="test_delete_of_finalized_evidence_409" time="0.055" /><testcase classname="backend.tests.test_nextgen_wave2a.TestValidateFinalize" name="test_second_finalize_creates_v2" time="0.174" /><testcase classname="backend.tests.test_nextgen_wave2a.TestValidateFinalize" name="test_list_packages_desc_by_version" time="0.046" /><testcase classname="backend.tests.test_nextgen_wave2a.TestValidateFinalize" name="test_manifest_json_full" time="0.368" /><testcase classname="backend.tests.test_nextgen_wave2a.TestDeletePendingAndAudit" name="test_delete_pending_ok" time="0.292" /><testcase classname="backend.tests.test_nextgen_wave2a.TestDeletePendingAndAudit" name="test_audit_has_evidence_and_package_events" time="0.059" /><testcase classname="backend.tests.test_nextgen_wave2a.TestAWEWeatherRequirement" name="test_awe_validate_missing_weather_fails" time="0.057" /></testsuite></testsuites>