<?xml version="1.0" encoding="utf-8"?><testsuites name="pytest tests"><testsuite name="pytest" errors="0" failures="1" skipped="4" tests="18" time="14.630" timestamp="2026-05-27T02:13:33.916418+00:00" hostname="agent-env-bcf6e234-2ed4-4ec9-80d8-28bd0aa153e3"><testcase classname="backend.tests.test_stratex_v23.TestPhase1FailEmail" name="test_run_phase1_audits" time="7.808" /><testcase classname="backend.tests.test_stratex_v23.TestOperatorWeatherMonitor" name="test_unauthenticated_401" time="0.235" /><testcase classname="backend.tests.test_stratex_v23.TestOperatorWeatherMonitor" name="test_contractor_forbidden" time="0.105" /><testcase classname="backend.tests.test_stratex_v23.TestOperatorWeatherMonitor" name="test_operator_ok" time="1.397" /><testcase classname="backend.tests.test_stratex_v23.TestOperatorWeatherMonitor" name="test_contractor_weather_monitor_regression" time="0.609" /><testcase classname="backend.tests.test_stratex_v23.TestOperatorWeatherMonitor" name="test_operator_404_for_unknown" time="0.152" /><testcase classname="backend.tests.test_stratex_v22.TestPlansModelA" name="test_plans_2_tiers_only" time="0.176" /><testcase classname="backend.tests.test_stratex_v22.TestBillingMeter" name="test_meter_shape" time="0.947" /><testcase classname="backend.tests.test_stratex_v22.TestJobCreation" name="test_create_job_empty_email_pending_phase1" time="0.109" /><testcase classname="backend.tests.test_stratex_v22.TestPhase1" name="test_run_phase1" time="1.134"><failure message="assert 6 == 3&#10; +  where 6 = len([{'details': 'Class G uncontrolled airspace. No FAA authorization required.', 'name': 'FAA / LAANC Airspace', 'status': 'PASS'}, {'details': 'Delayed_Surface_Moisture — 0.67&quot; precipitation recorded in past 24h. ASTM C1153 requires dry shingle surface + 24h drying window before thermographic survey.', 'name': 'Pre-Rain 24h Lookback (ASTM C1153)', 'status': 'FAIL'}, {'details': 'Delayed_Insufficient_Solar_Load — 97% avg cloud cover past 12h exceeds 70% threshold. Roof has not absorbed sufficient solar energy for night-scan thermal contrast.', 'name': 'Solar Loading (12h Cloud Cover)', 'status': 'FAIL'}, {'details': 'Forecast 2h: 12% precip probability — clean operational runway.', 'name': 'Forecast 2h Buffer (Incoming Front)', 'status': 'PASS'}, {'details': 'Sustained wind 4.3mph — within 5mph operational threshold.', 'name': 'Sustained Wind', 'status': 'PASS'}, {'details': 'No high-voltage transmission or overhead utility obstructions detected on flight plane.', 'name': 'Utility &amp; Power-Line GIS', 'status': 'PASS'}])">backend/tests/test_stratex_v22.py:104: in test_run_phase1
    assert len(body["checks"]) == 3
E   assert 6 == 3
E    +  where 6 = len([{'details': 'Class G uncontrolled airspace. No FAA authorization required.', 'name': 'FAA / LAANC Airspace', 'status': 'PASS'}, {'details': 'Delayed_Surface_Moisture — 0.67" precipitation recorded in past 24h. ASTM C1153 requires dry shingle surface + 24h drying window before thermographic survey.', 'name': 'Pre-Rain 24h Lookback (ASTM C1153)', 'status': 'FAIL'}, {'details': 'Delayed_Insufficient_Solar_Load — 97% avg cloud cover past 12h exceeds 70% threshold. Roof has not absorbed sufficient solar energy for night-scan thermal contrast.', 'name': 'Solar Loading (12h Cloud Cover)', 'status': 'FAIL'}, {'details': 'Forecast 2h: 12% precip probability — clean operational runway.', 'name': 'Forecast 2h Buffer (Incoming Front)', 'status': 'PASS'}, {'details': 'Sustained wind 4.3mph — within 5mph operational threshold.', 'name': 'Sustained Wind', 'status': 'PASS'}, {'details': 'No high-voltage transmission or overhead utility obstructions detected on flight plane.', 'name': 'Utility &amp; Power-Line GIS', 'status': 'PASS'}])</failure></testcase><testcase classname="backend.tests.test_stratex_v22.TestLaunchGates" name="test_phase2_gate_block" time="0.814"><skipped type="pytest.skip" message="phase1 didn't pass">/app/backend/tests/test_stratex_v22.py:138: phase1 didn't pass</skipped></testcase><testcase classname="backend.tests.test_stratex_v22.TestLaunchGates" name="test_phase3_battery_variance_block" time="0.000"><skipped type="pytest.skip" message="phase1 didn't pass">/app/backend/tests/test_stratex_v22.py:147: phase1 didn't pass</skipped></testcase><testcase classname="backend.tests.test_stratex_v22.TestLaunchGates" name="test_phase3_low_battery_block" time="0.000"><skipped type="pytest.skip" message="phase1 didn't pass">/app/backend/tests/test_stratex_v22.py:156: phase1 didn't pass</skipped></testcase><testcase classname="backend.tests.test_stratex_v22.TestLaunchGates" name="test_launch_success" time="0.000"><skipped type="pytest.skip" message="phase1 didn't pass">/app/backend/tests/test_stratex_v22.py:164: phase1 didn't pass</skipped></testcase><testcase classname="backend.tests.test_stratex_v22.TestDryRun" name="test_invalid_reason" time="0.233" /><testcase classname="backend.tests.test_stratex_v22.TestDryRun" name="test_dryrun_flag_locked_gate" time="0.447" /><testcase classname="backend.tests.test_stratex_v22.TestAuditAuth" name="test_other_contractor_cant_read" time="0.112" /><testcase classname="backend.tests.test_stratex_v22.TestLaunchRequiresPhase1" name="test_launch_without_phase1" time="0.233" /></testsuite></testsuites>