<?xml version="1.0" encoding="utf-8"?><testsuites name="pytest tests"><testsuite name="pytest" errors="0" failures="0" skipped="0" tests="27" time="3.211" timestamp="2026-07-18T22:27:02.085622+00:00" hostname="agent-env-bcf6e234-2ed4-4ec9-80d8-28bd0aa153e3"><testcase classname="backend.tests.test_nextgen_wave2b.TestTaxonomy" name="test_taxonomy_full_payload" time="0.452" /><testcase classname="backend.tests.test_nextgen_wave2b.TestTaxonomy" name="test_report_templates_list" time="0.051" /><testcase classname="backend.tests.test_nextgen_wave2b.TestCreateValidation" name="test_reject_empty_evidence" time="0.392" /><testcase classname="backend.tests.test_nextgen_wave2b.TestCreateValidation" name="test_reject_component_not_in_system" time="0.060" /><testcase classname="backend.tests.test_nextgen_wave2b.TestCreateValidation" name="test_reject_bad_severity" time="0.046" /><testcase classname="backend.tests.test_nextgen_wave2b.TestCreateValidation" name="test_reject_bad_priority" time="0.061" /><testcase classname="backend.tests.test_nextgen_wave2b.TestCreateValidation" name="test_reject_bad_risk_level" time="0.045" /><testcase classname="backend.tests.test_nextgen_wave2b.TestCreateValidation" name="test_reject_cross_tenant_evidence" time="0.687" /><testcase classname="backend.tests.test_nextgen_wave2b.TestApprovalHashChainGenesis" name="test_create_moderate_shingles_pio" time="0.049" /><testcase classname="backend.tests.test_nextgen_wave2b.TestApprovalHashChainGenesis" name="test_list_mission_intelligence" time="0.049" /><testcase classname="backend.tests.test_nextgen_wave2b.TestApprovalHashChainGenesis" name="test_get_intelligence_includes_versions_and_reviews" time="0.048" /><testcase classname="backend.tests.test_nextgen_wave2b.TestApprovalHashChainGenesis" name="test_approve_genesis_creates_passport_entry" time="0.053" /><testcase classname="backend.tests.test_nextgen_wave2b.TestApprovalHashChainGenesis" name="test_second_pio_has_historical_comparison" time="0.049" /><testcase classname="backend.tests.test_nextgen_wave2b.TestApprovalHashChainGenesis" name="test_approve_second_chains_prior_hash" time="0.050" /><testcase classname="backend.tests.test_nextgen_wave2b.TestApprovalHashChainGenesis" name="test_review_committed_returns_409" time="0.050" /><testcase classname="backend.tests.test_nextgen_wave2b.TestOtherDecisions" name="test_reject_sets_state_and_no_passport_append" time="0.094" /><testcase classname="backend.tests.test_nextgen_wave2b.TestOtherDecisions" name="test_request_rework_returns_to_candidate" time="0.099" /><testcase classname="backend.tests.test_nextgen_wave2b.TestOtherDecisions" name="test_field_verification_sets_state_and_no_append" time="0.100" /><testcase classname="backend.tests.test_nextgen_wave2b.TestSeverityTierMapping" name="test_all_severity_to_tier_mapping" time="0.247" /><testcase classname="backend.tests.test_nextgen_wave2b.TestTimelinePassportReports" name="test_property_timeline_has_intelligence_approved" time="0.047" /><testcase classname="backend.tests.test_nextgen_wave2b.TestTimelinePassportReports" name="test_passport_internal_shows_all_entries" time="0.046" /><testcase classname="backend.tests.test_nextgen_wave2b.TestTimelinePassportReports" name="test_passport_homeowner_filters_by_visibility" time="0.047" /><testcase classname="backend.tests.test_nextgen_wave2b.TestTimelinePassportReports" name="test_passport_contractor_returns_entries" time="0.046" /><testcase classname="backend.tests.test_nextgen_wave2b.TestTimelinePassportReports" name="test_report_homeowner_summary" time="0.047" /><testcase classname="backend.tests.test_nextgen_wave2b.TestTimelinePassportReports" name="test_report_executive_summary_internal" time="0.047" /><testcase classname="backend.tests.test_nextgen_wave2b.TestTimelinePassportReports" name="test_report_unknown_template_404" time="0.046" /><testcase classname="backend.tests.test_nextgen_wave2b.TestMongoStateAfterApproval" name="test_mongo_state_single_row_per_side_effect" time="0.077" /></testsuite></testsuites>