<?xml version="1.0" encoding="utf-8"?><testsuites name="pytest tests"><testsuite name="pytest" errors="0" failures="0" skipped="0" tests="19" time="1.727" timestamp="2026-07-18T12:20:52.254455+00:00" hostname="agent-env-bcf6e234-2ed4-4ec9-80d8-28bd0aa153e3"><testcase classname="backend.tests.test_nextgen_phase1a.TestPublicEndpoints" name="test_health_no_auth" time="0.178" /><testcase classname="backend.tests.test_nextgen_phase1a.TestPublicEndpoints" name="test_catalog_products_no_auth" time="0.045" /><testcase classname="backend.tests.test_nextgen_phase1a.TestPublicEndpoints" name="test_workflow_stages_exactly_15" time="0.044" /><testcase classname="backend.tests.test_nextgen_phase1a.TestAuthGated" name="test_me_requires_auth" time="0.100" /><testcase classname="backend.tests.test_nextgen_phase1a.TestAuthGated" name="test_me_with_token_returns_tenant" time="0.362" /><testcase classname="backend.tests.test_nextgen_phase1a.TestProperties" name="test_resolve_create_new_when_no_candidates" time="0.045" /><testcase classname="backend.tests.test_nextgen_phase1a.TestProperties" name="test_create_property_and_persist" time="0.089" /><testcase classname="backend.tests.test_nextgen_phase1a.TestProperties" name="test_duplicate_property_returns_409" time="0.047" /><testcase classname="backend.tests.test_nextgen_phase1a.TestProperties" name="test_get_single_property" time="0.045" /><testcase classname="backend.tests.test_nextgen_phase1a.TestMissions" name="test_create_mission_bound_to_property" time="0.045" /><testcase classname="backend.tests.test_nextgen_phase1a.TestMissions" name="test_mission_detail_has_15_stage_labels" time="0.045" /><testcase classname="backend.tests.test_nextgen_phase1a.TestMissions" name="test_advance_forward_ok" time="0.049" /><testcase classname="backend.tests.test_nextgen_phase1a.TestMissions" name="test_advance_backward_rejected_400" time="0.045" /><testcase classname="backend.tests.test_nextgen_phase1a.TestMissions" name="test_advance_over_15_rejected_400" time="0.145" /><testcase classname="backend.tests.test_nextgen_phase1a.TestWorkflowOverview" name="test_overview_counts_and_15_stages" time="0.048" /><testcase classname="backend.tests.test_nextgen_phase1a.TestAudit" name="test_audit_includes_property_and_mission_events" time="0.052" /><testcase classname="backend.tests.test_nextgen_phase1a.TestPassportStub" name="test_passport_by_property_returns_stub_note" time="0.046" /><testcase classname="backend.tests.test_nextgen_phase1a.TestLegacyNoRegression" name="test_root_landing_reachable" time="0.042" /><testcase classname="backend.tests.test_nextgen_phase1a.TestLegacyNoRegression" name="test_ceo_login_endpoint_reachable" time="0.044" /></testsuite></testsuites>