<?xml version="1.0" encoding="utf-8"?><testsuites name="pytest tests"><testsuite name="pytest" errors="0" failures="0" skipped="0" tests="12" time="36.619" timestamp="2026-05-27T00:18:56.015117+00:00" hostname="agent-env-bcf6e234-2ed4-4ec9-80d8-28bd0aa153e3"><testcase classname="backend.tests.test_stratex_v22.TestPlansModelA" name="test_plans_2_tiers_only" time="0.219" /><testcase classname="backend.tests.test_stratex_v22.TestBillingMeter" name="test_meter_shape" time="0.948" /><testcase classname="backend.tests.test_stratex_v22.TestJobCreation" name="test_create_job_empty_email_pending_phase1" time="0.125" /><testcase classname="backend.tests.test_stratex_v22.TestPhase1" name="test_run_phase1" time="0.885" /><testcase classname="backend.tests.test_stratex_v22.TestLaunchGates" name="test_phase2_gate_block" time="0.952" /><testcase classname="backend.tests.test_stratex_v22.TestLaunchGates" name="test_phase3_battery_variance_block" time="0.114" /><testcase classname="backend.tests.test_stratex_v22.TestLaunchGates" name="test_phase3_low_battery_block" time="0.116" /><testcase classname="backend.tests.test_stratex_v22.TestLaunchGates" name="test_launch_success" time="32.056" /><testcase classname="backend.tests.test_stratex_v22.TestDryRun" name="test_invalid_reason" time="0.229" /><testcase classname="backend.tests.test_stratex_v22.TestDryRun" name="test_dryrun_flag_locked_gate" time="0.542" /><testcase classname="backend.tests.test_stratex_v22.TestAuditAuth" name="test_other_contractor_cant_read" time="0.111" /><testcase classname="backend.tests.test_stratex_v22.TestLaunchRequiresPhase1" name="test_launch_without_phase1" time="0.258" /></testsuite></testsuites>