<?xml version="1.0" encoding="utf-8"?><testsuites name="pytest tests"><testsuite name="pytest" errors="0" failures="1" skipped="0" tests="19" time="40.082" timestamp="2026-05-26T20:38:32.325505+00:00" hostname="agent-env-bcf6e234-2ed4-4ec9-80d8-28bd0aa153e3"><testcase classname="backend.tests.test_stratex_v2.TestAuth" name="test_root" time="0.270" /><testcase classname="backend.tests.test_stratex_v2.TestAuth" name="test_login_invalid" time="0.349" /><testcase classname="backend.tests.test_stratex_v2.TestAuth" name="test_login_two_step_contractor" time="0.899" /><testcase classname="backend.tests.test_stratex_v2.TestAuth" name="test_login_bad_totp" time="0.329" /><testcase classname="backend.tests.test_stratex_v2.TestAuth" name="test_me" time="0.972" /><testcase classname="backend.tests.test_stratex_v2.TestAuth" name="test_me_no_token" time="0.116" /><testcase classname="backend.tests.test_stratex_v2.TestAuth" name="test_signup_creates_user_with_totp" time="0.338"><failure message="AssertionError: assert 'test_signup_87bdc212@test.io' == 'TEST_signup_87bdc212@test.io'&#10;  &#10;  - TEST_signup_87bdc212@test.io&#10;  ? ^^^^&#10;  + test_signup_87bdc212@test.io&#10;  ? ^^^^">backend/tests/test_stratex_v2.py:81: in test_signup_creates_user_with_totp
    assert d["user"]["email"] == email
E   AssertionError: assert 'test_signup_87bdc212@test.io' == 'TEST_signup_87bdc212@test.io'
E     
E     - TEST_signup_87bdc212@test.io
E     ? ^^^^
E     + test_signup_87bdc212@test.io
E     ? ^^^^</failure></testcase><testcase classname="backend.tests.test_stratex_v2.TestNDA" name="test_nda_preview" time="0.922" /><testcase classname="backend.tests.test_stratex_v2.TestNDA" name="test_nda_mismatch" time="0.900" /><testcase classname="backend.tests.test_stratex_v2.TestNDA" name="test_nda_signup_then_accept" time="1.076" /><testcase classname="backend.tests.test_stratex_v2.TestRoleEnforcement" name="test_contractor_cannot_access_operator" time="0.883" /><testcase classname="backend.tests.test_stratex_v2.TestRoleEnforcement" name="test_operator_cannot_access_contractor" time="1.015" /><testcase classname="backend.tests.test_stratex_v2.TestMaterials" name="test_materials_round_trip_encrypted" time="1.201" /><testcase classname="backend.tests.test_stratex_v2.TestJobLifecycle" name="test_create_then_operator_strips_pricing" time="2.019" /><testcase classname="backend.tests.test_stratex_v2.TestJobLifecycle" name="test_operator_launch_transitions_state" time="27.626" /><testcase classname="backend.tests.test_stratex_v2.TestJobLifecycle" name="test_operator_launch_invalid_preflight" time="0.310" /><testcase classname="backend.tests.test_stratex_v2.TestJobLifecycle" name="test_compute_proposal_yields_pricing" time="0.123" /><testcase classname="backend.tests.test_stratex_v2.TestJobLifecycle" name="test_audit_then_mark_sent" time="0.251" /><testcase classname="backend.tests.test_stratex_v2.TestJobLifecycle" name="test_pdf_download" time="0.261" /></testsuite></testsuites>