<?xml version="1.0" encoding="utf-8"?><testsuites name="pytest tests"><testsuite name="pytest" errors="0" failures="0" skipped="0" tests="9" time="30.355" timestamp="2026-06-25T13:11:03.533871+00:00" hostname="agent-env-bcf6e234-2ed4-4ec9-80d8-28bd0aa153e3"><testcase classname="backend.tests.test_iter20_claim_snapshot.TestClaimSnapshotSeed" name="test_seed_creates_two_scans" time="0.269" /><testcase classname="backend.tests.test_iter20_claim_snapshot.TestClaimSnapshotSeed" name="test_scans_listing" time="0.054" /><testcase classname="backend.tests.test_iter20_claim_snapshot.TestClaimSnapshotDiff" name="test_diff_shape_and_verdict" time="6.858" /><testcase classname="backend.tests.test_iter20_claim_snapshot.TestClaimSnapshotDiff" name="test_latest_self_seeds_and_returns_diff" time="6.194" /><testcase classname="backend.tests.test_iter20_claim_snapshot.TestClaimSnapshotPDF" name="test_pdf_binary_response" time="12.279" /><testcase classname="backend.tests.test_iter20_claim_snapshot.TestRegionalStorms" name="test_storms_active_shape" time="2.399" /><testcase classname="backend.tests.test_iter20_claim_snapshot.TestLiveOpsWebSocket" name="test_ws_welcome" time="0.226" /><testcase classname="backend.tests.test_iter20_claim_snapshot.TestPassportRegression" name="test_passport_loads" time="0.055" /><testcase classname="backend.tests.test_iter20_claim_snapshot.TestPassportRegression" name="test_passport_pdf" time="1.838" /></testsuite></testsuites>