<?xml version="1.0" encoding="utf-8"?><testsuites name="pytest tests"><testsuite name="pytest" errors="0" failures="0" skipped="1" tests="17" time="218.434" timestamp="2026-05-26T23:48:14.939208+00:00" hostname="agent-env-bcf6e234-2ed4-4ec9-80d8-28bd0aa153e3"><testcase classname="tests.test_stratex_v21.TestBilling" name="test_plans_public" time="0.110" /><testcase classname="tests.test_stratex_v21.TestBilling" name="test_checkout_creates_session_and_txn" time="181.371"><skipped type="pytest.skip" message="Stripe upstream flaky (preview gateway 502/timeout) — last: HTTP 502: The preview environment is not responding. It may be starting up.">/app/tests/test_stratex_v21.py:75: Stripe upstream flaky (preview gateway 502/timeout) — last: HTTP 502: The preview environment is not responding. It may be starting up.</skipped></testcase><testcase classname="tests.test_stratex_v21.TestBilling" name="test_checkout_invalid_tier" time="2.788" /><testcase classname="tests.test_stratex_v21.TestBilling" name="test_checkout_blocks_operator" time="0.915" /><testcase classname="tests.test_stratex_v21.TestBilling" name="test_billing_me" time="0.124" /><testcase classname="tests.test_stratex_v21.TestFleet" name="test_fleet_status_contractor" time="0.114" /><testcase classname="tests.test_stratex_v21.TestFleet" name="test_fleet_status_operator" time="0.114" /><testcase classname="tests.test_stratex_v21.TestFleet" name="test_fleet_status_requires_auth" time="0.146" /><testcase classname="tests.test_stratex_v21.TestEmail" name="test_email_nda_mocked" time="0.135" /><testcase classname="tests.test_stratex_v21.TestEmail" name="test_email_proposal_requires_pricing" time="0.263" /><testcase classname="tests.test_stratex_v21.TestEmail" name="test_email_proposal_mocked_after_priced" time="31.434" /><testcase classname="tests.test_stratex_v21.TestGoogleOAuth" name="test_google_session_missing_id" time="0.109" /><testcase classname="tests.test_stratex_v21.TestGoogleOAuth" name="test_google_session_invalid_id" time="0.237" /><testcase classname="tests.test_stratex_v21.TestMaterialsValidation" name="test_overhead_pct_over_100_rejected" time="0.128" /><testcase classname="tests.test_stratex_v21.TestMaterialsValidation" name="test_negative_shingle_price_rejected" time="0.107" /><testcase classname="tests.test_stratex_v21.TestMaterialsValidation" name="test_negative_profit_margin_rejected" time="0.129" /><testcase classname="tests.test_stratex_v21.TestMaterialsValidation" name="test_valid_materials_persist" time="0.109" /></testsuite></testsuites>