<?xml version="1.0" encoding="utf-8"?><testsuites name="pytest tests"><testsuite name="pytest" errors="0" failures="0" skipped="0" tests="18" time="62.451" timestamp="2026-05-25T03:49:53.639384+00:00" hostname="agent-env-bcf6e234-2ed4-4ec9-80d8-28bd0aa153e3"><testcase classname="backend.tests.test_stratex_api" name="test_root" time="0.119" /><testcase classname="backend.tests.test_stratex_api" name="test_list_projects" time="0.132" /><testcase classname="backend.tests.test_stratex_api" name="test_get_project" time="0.051" /><testcase classname="backend.tests.test_stratex_api" name="test_get_project_not_found" time="0.046" /><testcase classname="backend.tests.test_stratex_api" name="test_caliper_tearoff_thick" time="0.047" /><testcase classname="backend.tests.test_stratex_api" name="test_caliper_overlay_thin" time="0.097" /><testcase classname="backend.tests.test_stratex_api" name="test_caliper_boundary_exactly_one" time="0.095" /><testcase classname="backend.tests.test_stratex_api" name="test_pricing_insurance_2025" time="0.049" /><testcase classname="backend.tests.test_stratex_api" name="test_pricing_retail_1010" time="0.047" /><testcase classname="backend.tests.test_stratex_api" name="test_launch_rejects_bad_preflight" time="0.052" /><testcase classname="backend.tests.test_stratex_api" name="test_launch_rejects_low_battery" time="0.052" /><testcase classname="backend.tests.test_stratex_api" name="test_launch_success" time="36.132" /><testcase classname="backend.tests.test_stratex_api" name="test_launch_persists_complete" time="0.058" /><testcase classname="backend.tests.test_stratex_api" name="test_scan_endpoint" time="0.109" /><testcase classname="backend.tests.test_stratex_api" name="test_scan_not_found" time="0.047" /><testcase classname="backend.tests.test_stratex_api" name="test_launch_accepts_battery_90" time="25.088" /><testcase classname="backend.tests.test_stratex_api" name="test_report_pdf" time="0.114" /><testcase classname="backend.tests.test_stratex_api" name="test_report_pdf_not_found" time="0.047" /></testsuite></testsuites>