<?xml version="1.0" encoding="utf-8"?><testsuites name="pytest tests"><testsuite name="pytest" errors="0" failures="0" skipped="0" tests="14" time="47.427" timestamp="2026-06-25T13:26:30.479470+00:00" hostname="agent-env-bcf6e234-2ed4-4ec9-80d8-28bd0aa153e3"><testcase classname="backend.tests.test_iter21_cosign.TestCosignRequest" name="test_request_mints_token" time="0.266" /><testcase classname="backend.tests.test_iter21_cosign.TestCosignRequest" name="test_request_reuses_pending" time="0.052" /><testcase classname="backend.tests.test_iter21_cosign.TestCosignVerifyUnsigned" name="test_verify_returns_diff_unsigned" time="7.222" /><testcase classname="backend.tests.test_iter21_cosign.TestCosignSubmit" name="test_submit_creates_receipt" time="6.005" /><testcase classname="backend.tests.test_iter21_cosign.TestCosignSubmit" name="test_submit_again_conflict" time="0.049" /><testcase classname="backend.tests.test_iter21_cosign.TestCosignSubmit" name="test_verify_after_sign" time="6.474" /><testcase classname="backend.tests.test_iter21_cosign.TestCosignStatus" name="test_status_signed" time="0.051" /><testcase classname="backend.tests.test_iter21_cosign.TestPassportLedgerCosignEntry" name="test_cosign_entry_in_ledger" time="0.050" /><testcase classname="backend.tests.test_iter21_cosign.TestPassportLedgerCosignEntry" name="test_ledger_chain_verifies" time="0.052" /><testcase classname="backend.tests.test_iter21_cosign.TestIter20Regression" name="test_seed" time="0.047" /><testcase classname="backend.tests.test_iter21_cosign.TestIter20Regression" name="test_latest" time="6.009" /><testcase classname="backend.tests.test_iter21_cosign.TestIter20Regression" name="test_diff" time="6.310" /><testcase classname="backend.tests.test_iter21_cosign.TestIter20Regression" name="test_pdf" time="8.242" /><testcase classname="backend.tests.test_iter21_cosign.TestIter20Regression" name="test_storms_active" time="6.535" /></testsuite></testsuites>