<?xml version="1.0" encoding="utf-8"?><testsuites name="pytest tests"><testsuite name="pytest" errors="0" failures="0" skipped="0" tests="10" time="1.268" timestamp="2026-05-25T03:49:48.027769+00:00" hostname="agent-env-bcf6e234-2ed4-4ec9-80d8-28bd0aa153e3"><testcase classname="backend.tests.test_topology_engine" name="test_project_create_topology_shape[cross_hip]" time="0.273" /><testcase classname="backend.tests.test_topology_engine" name="test_project_create_topology_shape[hip]" time="0.049" /><testcase classname="backend.tests.test_topology_engine" name="test_project_create_topology_shape[gable]" time="0.049" /><testcase classname="backend.tests.test_topology_engine" name="test_project_create_topology_shape[l_shape]" time="0.048" /><testcase classname="backend.tests.test_topology_engine" name="test_project_create_topology_shape[dutch_gable]" time="0.048" /><testcase classname="backend.tests.test_topology_engine" name="test_cross_hip_has_4_plus_facets_and_classified_edges" time="0.048" /><testcase classname="backend.tests.test_topology_engine" name="test_facet_sec_theta_correction" time="0.051" /><testcase classname="backend.tests.test_topology_engine" name="test_scan_returns_facet_localised_anomalies" time="0.103" /><testcase classname="backend.tests.test_topology_engine" name="test_pricing_works_with_new_telemetry" time="0.145" /><testcase classname="backend.tests.test_topology_engine" name="test_report_pdf_still_works" time="0.367" /></testsuite></testsuites>