<?xml version="1.0" encoding="utf-8"?><testsuites name="pytest tests"><testsuite name="pytest" errors="0" failures="0" skipped="0" tests="25" time="4.522" timestamp="2026-07-19T03:34:04.029914+00:00" hostname="agent-env-bcf6e234-2ed4-4ec9-80d8-28bd0aa153e3"><testcase classname="tests.test_pie_lifecycle.TestLifecycleHappyPath" name="test_create_draft" time="1.000" /><testcase classname="tests.test_pie_lifecycle.TestLifecycleHappyPath" name="test_submit_for_review" time="0.055" /><testcase classname="tests.test_pie_lifecycle.TestLifecycleHappyPath" name="test_author_cannot_approve_own_finding" time="0.052" /><testcase classname="tests.test_pie_lifecycle.TestApprovalRequiresSecondAuthorizedReviewer" name="test_second_admin_can_approve" time="0.106" /><testcase classname="tests.test_pie_lifecycle.TestApprovalRequiresSecondAuthorizedReviewer" name="test_only_ceo_admin_gm_may_approve" time="0.053" /><testcase classname="tests.test_pie_lifecycle.TestRoleBasedApprovalGate" name="test_contractor_cannot_approve" time="0.157" /><testcase classname="tests.test_pie_lifecycle.TestRoleBasedApprovalGate" name="test_contractor_cannot_approve_own_tenant" time="0.221" /><testcase classname="tests.test_pie_lifecycle.TestPassportRuleEnforcement" name="test_pending_finding_does_not_touch_passport" time="0.214" /><testcase classname="tests.test_pie_lifecycle.TestPassportRuleEnforcement" name="test_rejected_finding_does_not_touch_passport" time="0.251" /><testcase classname="tests.test_pie_lifecycle.TestImmutability" name="test_edit_draft_ok" time="0.100" /><testcase classname="tests.test_pie_lifecycle.TestImmutability" name="test_cannot_edit_after_submit" time="0.151" /><testcase classname="tests.test_pie_lifecycle.TestHabitatProjection" name="test_habitat_projection_never_exposes_internals" time="0.050" /><testcase classname="tests.test_pie_lifecycle.TestHabitatProjection" name="test_intelligence_summary_homeowner_scope_is_minimal" time="0.050" /><testcase classname="tests.test_pie_lifecycle.TestTenantIsolation" name="test_cannot_create_finding_for_foreign_property" time="0.052" /><testcase classname="tests.test_pie_lifecycle.TestTenantIsolation" name="test_cannot_list_foreign_property_findings" time="0.052" /><testcase classname="tests.test_pie_lifecycle.TestManualObservationGuard" name="test_confidence_without_source_rejected" time="0.051" /><testcase classname="tests.test_pie_lifecycle.TestManualObservationGuard" name="test_manual_flag_set_when_no_evidence" time="0.051" /><testcase classname="tests.test_pie_lifecycle.TestIntelligenceSummary" name="test_summary_reflects_created_findings" time="0.050" /><testcase classname="tests.test_pie_lifecycle.TestApproveToPassportFullChain" name="test_admin_creates_and_submits" time="0.110" /><testcase classname="tests.test_pie_lifecycle.TestApproveToPassportFullChain" name="test_gm_approves_appends_passport" time="0.788" /><testcase classname="tests.test_pie_lifecycle.TestApproveToPassportFullChain" name="test_approved_finding_cannot_be_edited" time="0.054" /><testcase classname="tests.test_pie_lifecycle.TestApproveToPassportFullChain" name="test_habitat_projection_includes_approved" time="0.048" /><testcase classname="tests.test_pie_lifecycle.TestApproveToPassportFullChain" name="test_gm_can_resolve_approved" time="0.046" /><testcase classname="tests.test_pie_lifecycle.TestApproveToPassportFullChain" name="test_supersede_flow" time="0.369" /><testcase classname="tests.test_pie_lifecycle.TestApproveToPassportFullChain" name="test_gm_can_reject_pending" time="0.242" /></testsuite></testsuites>