<?xml version="1.0" encoding="utf-8"?><testsuites name="pytest tests"><testsuite name="pytest" errors="0" failures="0" skipped="0" tests="13" time="30.928" timestamp="2026-05-25T02:50:22.475199+00:00" hostname="agent-env-bcf6e234-2ed4-4ec9-80d8-28bd0aa153e3"><testcase classname="backend.tests.test_stratex_api" name="test_root" time="0.176" /><testcase classname="backend.tests.test_stratex_api" name="test_list_projects" time="0.099" /><testcase classname="backend.tests.test_stratex_api" name="test_get_project" time="0.046" /><testcase classname="backend.tests.test_stratex_api" name="test_get_project_not_found" time="0.047" /><testcase classname="backend.tests.test_stratex_api" name="test_caliper_tearoff_thick" time="0.049" /><testcase classname="backend.tests.test_stratex_api" name="test_caliper_overlay_thin" time="0.096" /><testcase classname="backend.tests.test_stratex_api" name="test_caliper_boundary_exactly_one" time="0.094" /><testcase classname="backend.tests.test_stratex_api" name="test_pricing_insurance_2025" time="0.047" /><testcase classname="backend.tests.test_stratex_api" name="test_pricing_retail_1010" time="0.047" /><testcase classname="backend.tests.test_stratex_api" name="test_launch_rejects_bad_preflight" time="0.046" /><testcase classname="backend.tests.test_stratex_api" name="test_launch_rejects_low_battery" time="0.045" /><testcase classname="backend.tests.test_stratex_api" name="test_launch_success" time="29.727" /><testcase classname="backend.tests.test_stratex_api" name="test_launch_persists_complete" time="0.115" /></testsuite></testsuites>