<?xml version="1.0" encoding="utf-8"?><testsuites name="pytest tests"><testsuite name="pytest" errors="0" failures="0" skipped="0" tests="18" time="69.549" timestamp="2026-05-25T03:28:24.401245+00:00" hostname="agent-env-bcf6e234-2ed4-4ec9-80d8-28bd0aa153e3"><testcase classname="backend.tests.test_stratex_api" name="test_root" time="0.189" /><testcase classname="backend.tests.test_stratex_api" name="test_list_projects" time="0.114" /><testcase classname="backend.tests.test_stratex_api" name="test_get_project" time="0.047" /><testcase classname="backend.tests.test_stratex_api" name="test_get_project_not_found" time="0.046" /><testcase classname="backend.tests.test_stratex_api" name="test_caliper_tearoff_thick" time="0.047" /><testcase classname="backend.tests.test_stratex_api" name="test_caliper_overlay_thin" time="0.096" /><testcase classname="backend.tests.test_stratex_api" name="test_caliper_boundary_exactly_one" time="0.095" /><testcase classname="backend.tests.test_stratex_api" name="test_pricing_insurance_2025" time="0.046" /><testcase classname="backend.tests.test_stratex_api" name="test_pricing_retail_1010" time="0.049" /><testcase classname="backend.tests.test_stratex_api" name="test_launch_rejects_bad_preflight" time="0.046" /><testcase classname="backend.tests.test_stratex_api" name="test_launch_rejects_low_battery" time="0.044" /><testcase classname="backend.tests.test_stratex_api" name="test_launch_success" time="37.665" /><testcase classname="backend.tests.test_stratex_api" name="test_launch_persists_complete" time="0.047" /><testcase classname="backend.tests.test_stratex_api" name="test_scan_endpoint" time="0.093" /><testcase classname="backend.tests.test_stratex_api" name="test_scan_not_found" time="0.045" /><testcase classname="backend.tests.test_stratex_api" name="test_launch_accepts_battery_90" time="30.244" /><testcase classname="backend.tests.test_stratex_api" name="test_report_pdf" time="0.323" /><testcase classname="backend.tests.test_stratex_api" name="test_report_pdf_not_found" time="0.046" /></testsuite></testsuites>